<?xml version="1.0" encoding="UTF-8"?>
<!-- Generated by org.testng.reporters.JUnitReportReporter -->
<testsuite skipped="0" hostname="GWSRM13" name="VeevaSystems.NBA.Warriors.TestCase1CP" tests="1" failures="0" timestamp="2024-12-11T14:57:27 IST" time="89.344" errors="0">
  <testcase name="fillJacketsDataForCoreProduct" time="89.344" classname="VeevaSystems.NBA.Warriors.TestCase1CP"/>
  <system-out/>
</testsuite> <!-- VeevaSystems.NBA.Warriors.TestCase1CP -->
