<?xml version="1.0" encoding="UTF-8"?>
<!-- Generated by org.testng.reporters.JUnitReportReporter -->
<testsuite skipped="0" hostname="GWSRM13" name="VeevaSystems.NBA.Warriors.TestCase2CP" tests="1" failures="0" timestamp="2024-12-11T14:57:27 IST" time="9.833" errors="0">
  <testcase name="findVideosCountAndVideosAgingMoreThan3Days" time="9.833" classname="VeevaSystems.NBA.Warriors.TestCase2CP"/>
  <system-out/>
</testsuite> <!-- VeevaSystems.NBA.Warriors.TestCase2CP -->
