<?xml version="1.0" encoding="UTF-8"?>
<!-- Generated by org.testng.reporters.JUnitReportReporter -->
<testsuite hostname="GWSRM13" failures="0" tests="1" name="VeevaSystems.NBA.Warriors.TestCase2CP" time="10.731" errors="0" timestamp="2024-12-11T18:37:19 IST" skipped="0">
  <testcase classname="VeevaSystems.NBA.Warriors.TestCase2CP" name="findVideosCountAndVideosAgingMoreThan3Days" time="10.731"/>
  <system-out/>
</testsuite> <!-- VeevaSystems.NBA.Warriors.TestCase2CP -->
