<?xml version="1.0" encoding="UTF-8"?>
<!-- Generated by org.testng.reporters.JUnitReportReporter -->
<testsuite hostname="GWSRM13" name="VeevaSystems.NBA.Warriors.TestCase1CP" tests="1" failures="0" timestamp="15 Dec 2024 19:01:09 GMT" time="69.273" errors="0">
  <testcase name="fillJacketsDataForCoreProduct" time="69.273" classname="VeevaSystems.NBA.Warriors.TestCase1CP"/>
</testsuite> <!-- VeevaSystems.NBA.Warriors.TestCase1CP -->
